# JRE version: OpenJDK Runtime Environment (8.0_202-b03) (build 1.8.0_202-release-1483-b03)
# Java VM: OpenJDK 64-Bit Server VM (25.202-b03 mixed mode windows-amd64 compressed oops)
Heap:
 PSYoungGen      total 139776K, used 30816K [0x00000000e0000000, 0x00000000eab80000, 0x0000000100000000)
  eden space 128000K, 14% used [0x00000000e0000000,0x00000000e129e6b0,0x00000000e7d00000)
  from space 11776K, 99% used [0x00000000e7d00000,0x00000000e8879d48,0x00000000e8880000)
  to   space 13312K, 0% used [0x00000000e9e80000,0x00000000e9e80000,0x00000000eab80000)
 ParOldGen       total 66560K, used 20323K [0x00000000a0000000, 0x00000000a4100000, 0x00000000e0000000)
  object space 66560K, 30% used [0x00000000a0000000,0x00000000a13d8c98,0x00000000a4100000)
 Metaspace       used 48358K, capacity 49646K, committed 49920K, reserved 1091584K
  class space    used 6490K, capacity 6794K, committed 6912K, reserved 1048576K
GC Heap History (10 events):
Event: 3.970 GC heap before
{Heap before GC invocations=7 (full 1):
 PSYoungGen      total 70656K, used 65536K [0x00000000e0000000, 0x00000000e9800000, 0x0000000100000000)
  eden space 65536K, 100% used [0x00000000e0000000,0x00000000e4000000,0x00000000e4000000)
  from space 5120K, 0% used [0x00000000e4000000,0x00000000e4000000,0x00000000e4500000)
  to   space 12288K, 0% used [0x00000000e8c00000,0x00000000e8c00000,0x00000000e9800000)
 ParOldGen       total 66560K, used 11172K [0x00000000a0000000, 0x00000000a4100000, 0x00000000e0000000)
  object space 66560K, 16% used [0x00000000a0000000,0x00000000a0ae9340,0x00000000a4100000)
 Metaspace       used 29015K, capacity 29618K, committed 30080K, reserved 1075200K
  class space    used 3921K, capacity 4100K, committed 4224K, reserved 1048576K
Event: 3.978 GC heap after
Heap after GC invocations=7 (full 1):
 PSYoungGen      total 107008K, used 7984K [0x00000000e0000000, 0x00000000e9400000, 0x0000000100000000)
  eden space 98816K, 0% used [0x00000000e0000000,0x00000000e0000000,0x00000000e6080000)
  from space 8192K, 97% used [0x00000000e8c00000,0x00000000e93cc1c0,0x00000000e9400000)
  to   space 11776K, 0% used [0x00000000e7d00000,0x00000000e7d00000,0x00000000e8880000)
 ParOldGen       total 66560K, used 11180K [0x00000000a0000000, 0x00000000a4100000, 0x00000000e0000000)
  object space 66560K, 16% used [0x00000000a0000000,0x00000000a0aeb340,0x00000000a4100000)
 Metaspace       used 29015K, capacity 29618K, committed 30080K, reserved 1075200K
  class space    used 3921K, capacity 4100K, committed 4224K, reserved 1048576K
}
Event: 5.328 GC heap before
{Heap before GC invocations=8 (full 1):
 PSYoungGen      total 107008K, used 106800K [0x00000000e0000000, 0x00000000e9400000, 0x0000000100000000)
  eden space 98816K, 100% used [0x00000000e0000000,0x00000000e6080000,0x00000000e6080000)
  from space 8192K, 97% used [0x00000000e8c00000,0x00000000e93cc1c0,0x00000000e9400000)
  to   space 11776K, 0% used [0x00000000e7d00000,0x00000000e7d00000,0x00000000e8880000)
 ParOldGen       total 66560K, used 11180K [0x00000000a0000000, 0x00000000a4100000, 0x00000000e0000000)
  object space 66560K, 16% used [0x00000000a0000000,0x00000000a0aeb340,0x00000000a4100000)
 Metaspace       used 33957K, capacity 34652K, committed 34944K, reserved 1079296K
  class space    used 4676K, capacity 4873K, committed 4992K, reserved 1048576K
Event: 5.347 GC heap after
Heap after GC invocations=8 (full 1):
 PSYoungGen      total 139776K, used 11154K [0x00000000e0000000, 0x00000000eab80000, 0x0000000100000000)
  eden space 128000K, 0% used [0x00000000e0000000,0x00000000e0000000,0x00000000e7d00000)
  from space 11776K, 94% used [0x00000000e7d00000,0x00000000e87e4b88,0x00000000e8880000)
  to   space 13312K, 0% used [0x00000000e9e80000,0x00000000e9e80000,0x00000000eab80000)
 ParOldGen       total 66560K, used 11188K [0x00000000a0000000, 0x00000000a4100000, 0x00000000e0000000)
  object space 66560K, 16% used [0x00000000a0000000,0x00000000a0aed340,0x00000000a4100000)
 Metaspace       used 33957K, capacity 34652K, committed 34944K, reserved 1079296K
  class space    used 4676K, capacity 4873K, committed 4992K, reserved 1048576K
}
Event: 5.688 GC heap before
{Heap before GC invocations=9 (full 1):
 PSYoungGen      total 139776K, used 32885K [0x00000000e0000000, 0x00000000eab80000, 0x0000000100000000)
  eden space 128000K, 16% used [0x00000000e0000000,0x00000000e1538970,0x00000000e7d00000)
  from space 11776K, 94% used [0x00000000e7d00000,0x00000000e87e4b88,0x00000000e8880000)
  to   space 13312K, 0% used [0x00000000e9e80000,0x00000000e9e80000,0x00000000eab80000)
 ParOldGen       total 66560K, used 11188K [0x00000000a0000000, 0x00000000a4100000, 0x00000000e0000000)
  object space 66560K, 16% used [0x00000000a0000000,0x00000000a0aed340,0x00000000a4100000)
 Metaspace       used 34634K, capacity 35380K, committed 35456K, reserved 1079296K
  class space    used 4775K, capacity 4955K, committed 4992K, reserved 1048576K
Event: 5.702 GC heap after
Heap after GC invocations=9 (full 1):
 PSYoungGen      total 141312K, used 8656K [0x00000000e0000000, 0x00000000eab80000, 0x0000000100000000)
  eden space 128000K, 0% used [0x00000000e0000000,0x00000000e0000000,0x00000000e7d00000)
  from space 13312K, 65% used [0x00000000e9e80000,0x00000000ea6f4010,0x00000000eab80000)
  to   space 11776K, 0% used [0x00000000e7d00000,0x00000000e7d00000,0x00000000e8880000)
 ParOldGen       total 66560K, used 11196K [0x00000000a0000000, 0x00000000a4100000, 0x00000000e0000000)
  object space 66560K, 16% used [0x00000000a0000000,0x00000000a0aef340,0x00000000a4100000)
 Metaspace       used 34634K, capacity 35380K, committed 35456K, reserved 1079296K
  class space    used 4775K, capacity 4955K, committed 4992K, reserved 1048576K
}
Event: 5.702 GC heap before
{Heap before GC invocations=10 (full 2):
 PSYoungGen      total 141312K, used 8656K [0x00000000e0000000, 0x00000000eab80000, 0x0000000100000000)
  eden space 128000K, 0% used [0x00000000e0000000,0x00000000e0000000,0x00000000e7d00000)
  from space 13312K, 65% used [0x00000000e9e80000,0x00000000ea6f4010,0x00000000eab80000)
  to   space 11776K, 0% used [0x00000000e7d00000,0x00000000e7d00000,0x00000000e8880000)
 ParOldGen       total 66560K, used 11196K [0x00000000a0000000, 0x00000000a4100000, 0x00000000e0000000)
  object space 66560K, 16% used [0x00000000a0000000,0x00000000a0aef340,0x00000000a4100000)
 Metaspace       used 34634K, capacity 35380K, committed 35456K, reserved 1079296K
  class space    used 4775K, capacity 4955K, committed 4992K, reserved 1048576K
Event: 5.778 GC heap after
Heap after GC invocations=10 (full 2):
 PSYoungGen      total 141312K, used 0K [0x00000000e0000000, 0x00000000eab80000, 0x0000000100000000)
  eden space 128000K, 0% used [0x00000000e0000000,0x00000000e0000000,0x00000000e7d00000)
  from space 13312K, 0% used [0x00000000e9e80000,0x00000000e9e80000,0x00000000eab80000)
  to   space 11776K, 0% used [0x00000000e7d00000,0x00000000e7d00000,0x00000000e8880000)
 ParOldGen       total 66560K, used 15663K [0x00000000a0000000, 0x00000000a4100000, 0x00000000e0000000)
  object space 66560K, 23% used [0x00000000a0000000,0x00000000a0f4be70,0x00000000a4100000)
 Metaspace       used 34623K, capacity 35344K, committed 35456K, reserved 1079296K
  class space    used 4771K, capacity 4949K, committed 4992K, reserved 1048576K
}
Event: 7.501 GC heap before
{Heap before GC invocations=11 (full 2):
 PSYoungGen      total 141312K, used 128000K [0x00000000e0000000, 0x00000000eab80000, 0x0000000100000000)
  eden space 128000K, 100% used [0x00000000e0000000,0x00000000e7d00000,0x00000000e7d00000)
  from space 13312K, 0% used [0x00000000e9e80000,0x00000000e9e80000,0x00000000eab80000)
  to   space 11776K, 0% used [0x00000000e7d00000,0x00000000e7d00000,0x00000000e8880000)
 ParOldGen       total 66560K, used 15663K [0x00000000a0000000, 0x00000000a4100000, 0x00000000e0000000)
  object space 66560K, 23% used [0x00000000a0000000,0x00000000a0f4be70,0x00000000a4100000)
 Metaspace       used 46375K, capacity 47544K, committed 47744K, reserved 1091584K
  class space    used 6227K, capacity 6515K, committed 6528K, reserved 1048576K
Event: 7.515 GC heap after
Heap after GC invocations=11 (full 2):
 PSYoungGen      total 139776K, used 11751K [0x00000000e0000000, 0x00000000eab80000, 0x0000000100000000)
  eden space 128000K, 0% used [0x00000000e0000000,0x00000000e0000000,0x00000000e7d00000)
  from space 11776K, 99% used [0x00000000e7d00000,0x00000000e8879d48,0x00000000e8880000)
  to   space 13312K, 0% used [0x00000000e9e80000,0x00000000e9e80000,0x00000000eab80000)
 ParOldGen       total 66560K, used 20323K [0x00000000a0000000, 0x00000000a4100000, 0x00000000e0000000)
  object space 66560K, 30% used [0x00000000a0000000,0x00000000a13d8c98,0x00000000a4100000)
 Metaspace       used 46375K, capacity 47544K, committed 47744K, reserved 1091584K
  class space    used 6227K, capacity 6515K, committed 6528K, reserved 1048576K
}

