# JRE version: OpenJDK Runtime Environment (8.0_202-b03) (build 1.8.0_202-release-1483-b03)
# Java VM: OpenJDK 64-Bit Server VM (25.202-b03 mixed mode windows-amd64 compressed oops)
Heap:
 PSYoungGen      total 153600K, used 64261K [0x00000000e0000000, 0x00000000eb600000, 0x0000000100000000)
  eden space 141312K, 36% used [0x00000000e0000000,0x00000000e32c88a8,0x00000000e8a00000)
  from space 12288K, 99% used [0x00000000eaa00000,0x00000000eb5f8d48,0x00000000eb600000)
  to   space 14336K, 0% used [0x00000000e9a00000,0x00000000e9a00000,0x00000000ea800000)
 ParOldGen       total 85504K, used 20348K [0x00000000a0000000, 0x00000000a5380000, 0x00000000e0000000)
  object space 85504K, 23% used [0x00000000a0000000,0x00000000a13df3c8,0x00000000a5380000)
 Metaspace       used 49584K, capacity 50830K, committed 51032K, reserved 1093632K
  class space    used 6667K, capacity 6986K, committed 7000K, reserved 1048576K
GC Heap History (10 events):
Event: 8.008 GC heap before
{Heap before GC invocations=8 (full 1):
 PSYoungGen      total 75776K, used 65536K [0x00000000e0000000, 0x00000000e5400000, 0x0000000100000000)
  eden space 65536K, 100% used [0x00000000e0000000,0x00000000e4000000,0x00000000e4000000)
  from space 10240K, 0% used [0x00000000e4a00000,0x00000000e4a00000,0x00000000e5400000)
  to   space 10240K, 0% used [0x00000000e4000000,0x00000000e4000000,0x00000000e4a00000)
 ParOldGen       total 54272K, used 8074K [0x00000000a0000000, 0x00000000a3500000, 0x00000000e0000000)
  object space 54272K, 14% used [0x00000000a0000000,0x00000000a07e2b80,0x00000000a3500000)
 Metaspace       used 28620K, capacity 29120K, committed 29440K, reserved 1075200K
  class space    used 3855K, capacity 4015K, committed 4096K, reserved 1048576K
Event: 8.015 GC heap after
Heap after GC invocations=8 (full 1):
 PSYoungGen      total 75776K, used 7731K [0x00000000e0000000, 0x00000000e8180000, 0x0000000100000000)
  eden space 65536K, 0% used [0x00000000e0000000,0x00000000e0000000,0x00000000e4000000)
  from space 10240K, 75% used [0x00000000e4000000,0x00000000e478cf18,0x00000000e4a00000)
  to   space 10240K, 0% used [0x00000000e7780000,0x00000000e7780000,0x00000000e8180000)
 ParOldGen       total 54272K, used 8082K [0x00000000a0000000, 0x00000000a3500000, 0x00000000e0000000)
  object space 54272K, 14% used [0x00000000a0000000,0x00000000a07e4b80,0x00000000a3500000)
 Metaspace       used 28620K, capacity 29120K, committed 29440K, reserved 1075200K
  class space    used 3855K, capacity 4015K, committed 4096K, reserved 1048576K
}
Event: 8.630 GC heap before
{Heap before GC invocations=9 (full 1):
 PSYoungGen      total 75776K, used 73267K [0x00000000e0000000, 0x00000000e8180000, 0x0000000100000000)
  eden space 65536K, 100% used [0x00000000e0000000,0x00000000e4000000,0x00000000e4000000)
  from space 10240K, 75% used [0x00000000e4000000,0x00000000e478cf18,0x00000000e4a00000)
  to   space 10240K, 0% used [0x00000000e7780000,0x00000000e7780000,0x00000000e8180000)
 ParOldGen       total 54272K, used 8082K [0x00000000a0000000, 0x00000000a3500000, 0x00000000e0000000)
  object space 54272K, 14% used [0x00000000a0000000,0x00000000a07e4b80,0x00000000a3500000)
 Metaspace       used 31678K, capacity 32276K, committed 32768K, reserved 1077248K
  class space    used 4356K, capacity 4535K, committed 4608K, reserved 1048576K
Event: 8.646 GC heap after
Heap after GC invocations=9 (full 1):
 PSYoungGen      total 121856K, used 8788K [0x00000000e0000000, 0x00000000e8400000, 0x0000000100000000)
  eden space 111616K, 0% used [0x00000000e0000000,0x00000000e0000000,0x00000000e6d00000)
  from space 10240K, 85% used [0x00000000e7780000,0x00000000e80151a8,0x00000000e8180000)
  to   space 10752K, 0% used [0x00000000e6d00000,0x00000000e6d00000,0x00000000e7780000)
 ParOldGen       total 54272K, used 8090K [0x00000000a0000000, 0x00000000a3500000, 0x00000000e0000000)
  object space 54272K, 14% used [0x00000000a0000000,0x00000000a07e6b80,0x00000000a3500000)
 Metaspace       used 31678K, capacity 32276K, committed 32768K, reserved 1077248K
  class space    used 4356K, capacity 4535K, committed 4608K, reserved 1048576K
}
Event: 9.462 GC heap before
{Heap before GC invocations=10 (full 1):
 PSYoungGen      total 121856K, used 65044K [0x00000000e0000000, 0x00000000e8400000, 0x0000000100000000)
  eden space 111616K, 50% used [0x00000000e0000000,0x00000000e36f01a0,0x00000000e6d00000)
  from space 10240K, 85% used [0x00000000e7780000,0x00000000e80151a8,0x00000000e8180000)
  to   space 10752K, 0% used [0x00000000e6d00000,0x00000000e6d00000,0x00000000e7780000)
 ParOldGen       total 54272K, used 8090K [0x00000000a0000000, 0x00000000a3500000, 0x00000000e0000000)
  object space 54272K, 14% used [0x00000000a0000000,0x00000000a07e6b80,0x00000000a3500000)
 Metaspace       used 34487K, capacity 35266K, committed 35416K, reserved 1079296K
  class space    used 4740K, capacity 4940K, committed 4952K, reserved 1048576K
Event: 9.482 GC heap after
Heap after GC invocations=10 (full 1):
 PSYoungGen      total 122368K, used 10731K [0x00000000e0000000, 0x00000000eb600000, 0x0000000100000000)
  eden space 111616K, 0% used [0x00000000e0000000,0x00000000e0000000,0x00000000e6d00000)
  from space 10752K, 99% used [0x00000000e6d00000,0x00000000e777ac48,0x00000000e7780000)
  to   space 12288K, 0% used [0x00000000eaa00000,0x00000000eaa00000,0x00000000eb600000)
 ParOldGen       total 54272K, used 8425K [0x00000000a0000000, 0x00000000a3500000, 0x00000000e0000000)
  object space 54272K, 15% used [0x00000000a0000000,0x00000000a083a578,0x00000000a3500000)
 Metaspace       used 34487K, capacity 35266K, committed 35416K, reserved 1079296K
  class space    used 4740K, capacity 4940K, committed 4952K, reserved 1048576K
}
Event: 9.482 GC heap before
{Heap before GC invocations=11 (full 2):
 PSYoungGen      total 122368K, used 10731K [0x00000000e0000000, 0x00000000eb600000, 0x0000000100000000)
  eden space 111616K, 0% used [0x00000000e0000000,0x00000000e0000000,0x00000000e6d00000)
  from space 10752K, 99% used [0x00000000e6d00000,0x00000000e777ac48,0x00000000e7780000)
  to   space 12288K, 0% used [0x00000000eaa00000,0x00000000eaa00000,0x00000000eb600000)
 ParOldGen       total 54272K, used 8425K [0x00000000a0000000, 0x00000000a3500000, 0x00000000e0000000)
  object space 54272K, 15% used [0x00000000a0000000,0x00000000a083a578,0x00000000a3500000)
 Metaspace       used 34487K, capacity 35266K, committed 35416K, reserved 1079296K
  class space    used 4740K, capacity 4940K, committed 4952K, reserved 1048576K
Event: 9.583 GC heap after
Heap after GC invocations=11 (full 2):
 PSYoungGen      total 122368K, used 0K [0x00000000e0000000, 0x00000000eb600000, 0x0000000100000000)
  eden space 111616K, 0% used [0x00000000e0000000,0x00000000e0000000,0x00000000e6d00000)
  from space 10752K, 0% used [0x00000000e6d00000,0x00000000e6d00000,0x00000000e7780000)
  to   space 12288K, 0% used [0x00000000eaa00000,0x00000000eaa00000,0x00000000eb600000)
 ParOldGen       total 85504K, used 17721K [0x00000000a0000000, 0x00000000a5380000, 0x00000000e0000000)
  object space 85504K, 20% used [0x00000000a0000000,0x00000000a114e5c0,0x00000000a5380000)
 Metaspace       used 34482K, capacity 35248K, committed 35416K, reserved 1079296K
  class space    used 4738K, capacity 4937K, committed 4952K, reserved 1048576K
}
Event: 10.968 GC heap before
{Heap before GC invocations=12 (full 2):
 PSYoungGen      total 122368K, used 111616K [0x00000000e0000000, 0x00000000eb600000, 0x0000000100000000)
  eden space 111616K, 100% used [0x00000000e0000000,0x00000000e6d00000,0x00000000e6d00000)
  from space 10752K, 0% used [0x00000000e6d00000,0x00000000e6d00000,0x00000000e7780000)
  to   space 12288K, 0% used [0x00000000eaa00000,0x00000000eaa00000,0x00000000eb600000)
 ParOldGen       total 85504K, used 17721K [0x00000000a0000000, 0x00000000a5380000, 0x00000000e0000000)
  object space 85504K, 20% used [0x00000000a0000000,0x00000000a114e5c0,0x00000000a5380000)
 Metaspace       used 45811K, capacity 46820K, committed 47064K, reserved 1089536K
  class space    used 6137K, capacity 6356K, committed 6360K, reserved 1048576K
Event: 10.983 GC heap after
Heap after GC invocations=12 (full 2):
 PSYoungGen      total 153600K, used 12259K [0x00000000e0000000, 0x00000000eb600000, 0x0000000100000000)
  eden space 141312K, 0% used [0x00000000e0000000,0x00000000e0000000,0x00000000e8a00000)
  from space 12288K, 99% used [0x00000000eaa00000,0x00000000eb5f8d48,0x00000000eb600000)
  to   space 14336K, 0% used [0x00000000e9a00000,0x00000000e9a00000,0x00000000ea800000)
 ParOldGen       total 85504K, used 20348K [0x00000000a0000000, 0x00000000a5380000, 0x00000000e0000000)
  object space 85504K, 23% used [0x00000000a0000000,0x00000000a13df3c8,0x00000000a5380000)
 Metaspace       used 45811K, capacity 46820K, committed 47064K, reserved 1089536K
  class space    used 6137K, capacity 6356K, committed 6360K, reserved 1048576K
}

